Determining if the pthread_create exist failed with the following output:
Change Dir: /home/lsk1804/c++/Unix-Linux-Program/echo_server/echo_epoll_ET/build/CMakeFiles/CMakeTmp

Run Build Command:"/usr/bin/make" "cmTC_868d2/fast"
make[1]: 进入目录“/home/lsk1804/c++/Unix-Linux-Program/echo_server/echo_epoll_ET/build/CMakeFiles/CMakeTmp”
/usr/bin/make -f CMakeFiles/cmTC_868d2.dir/build.make CMakeFiles/cmTC_868d2.dir/build
make[2]: 进入目录“/home/lsk1804/c++/Unix-Linux-Program/echo_server/echo_epoll_ET/build/CMakeFiles/CMakeTmp”
Building C object CMakeFiles/cmTC_868d2.dir/CheckSymbolExists.c.o
/usr/bin/cc    -o CMakeFiles/cmTC_868d2.dir/CheckSymbolExists.c.o   -c /home/lsk1804/c++/Unix-Linux-Program/echo_server/echo_epoll_ET/build/CMakeFiles/CMakeTmp/CheckSymbolExists.c
Linking C executable cmTC_868d2
/usr/bin/cmake -E cmake_link_script CMakeFiles/cmTC_868d2.dir/link.txt --verbose=1
/usr/bin/cc      CMakeFiles/cmTC_868d2.dir/CheckSymbolExists.c.o  -o cmTC_868d2 
CMakeFiles/cmTC_868d2.dir/CheckSymbolExists.c.o：在函数‘main’中：
CheckSymbolExists.c:(.text+0x1b)：对‘pthread_create’未定义的引用
collect2: error: ld returned 1 exit status
CMakeFiles/cmTC_868d2.dir/build.make:97: recipe for target 'cmTC_868d2' failed
make[2]: *** [cmTC_868d2] Error 1
make[2]: 离开目录“/home/lsk1804/c++/Unix-Linux-Program/echo_server/echo_epoll_ET/build/CMakeFiles/CMakeTmp”
Makefile:126: recipe for target 'cmTC_868d2/fast' failed
make[1]: *** [cmTC_868d2/fast] Error 2
make[1]: 离开目录“/home/lsk1804/c++/Unix-Linux-Program/echo_server/echo_epoll_ET/build/CMakeFiles/CMakeTmp”

File /home/lsk1804/c++/Unix-Linux-Program/echo_server/echo_epoll_ET/build/CMakeFiles/CMakeTmp/CheckSymbolExists.c:
/* */
#include <pthread.h>

int main(int argc, char** argv)
{
  (void)argv;
#ifndef pthread_create
  return ((int*)(&pthread_create))[argc];
#else
  (void)argc;
  return 0;
#endif
}

Determining if the function pthread_create exists in the pthreads failed with the following output:
Change Dir: /home/lsk1804/c++/Unix-Linux-Program/echo_server/echo_epoll_ET/build/CMakeFiles/CMakeTmp

Run Build Command:"/usr/bin/make" "cmTC_d86b7/fast"
make[1]: 进入目录“/home/lsk1804/c++/Unix-Linux-Program/echo_server/echo_epoll_ET/build/CMakeFiles/CMakeTmp”
/usr/bin/make -f CMakeFiles/cmTC_d86b7.dir/build.make CMakeFiles/cmTC_d86b7.dir/build
make[2]: 进入目录“/home/lsk1804/c++/Unix-Linux-Program/echo_server/echo_epoll_ET/build/CMakeFiles/CMakeTmp”
Building C object CMakeFiles/cmTC_d86b7.dir/CheckFunctionExists.c.o
/usr/bin/cc   -DCHECK_FUNCTION_EXISTS=pthread_create   -o CMakeFiles/cmTC_d86b7.dir/CheckFunctionExists.c.o   -c /usr/share/cmake-3.10/Modules/CheckFunctionExists.c
Linking C executable cmTC_d86b7
/usr/bin/cmake -E cmake_link_script CMakeFiles/cmTC_d86b7.dir/link.txt --verbose=1
/usr/bin/cc  -DCHECK_FUNCTION_EXISTS=pthread_create    CMakeFiles/cmTC_d86b7.dir/CheckFunctionExists.c.o  -o cmTC_d86b7 -lpthreads 
/usr/bin/ld: 找不到 -lpthreads
collect2: error: ld returned 1 exit status
CMakeFiles/cmTC_d86b7.dir/build.make:97: recipe for target 'cmTC_d86b7' failed
make[2]: *** [cmTC_d86b7] Error 1
make[2]: 离开目录“/home/lsk1804/c++/Unix-Linux-Program/echo_server/echo_epoll_ET/build/CMakeFiles/CMakeTmp”
Makefile:126: recipe for target 'cmTC_d86b7/fast' failed
make[1]: *** [cmTC_d86b7/fast] Error 2
make[1]: 离开目录“/home/lsk1804/c++/Unix-Linux-Program/echo_server/echo_epoll_ET/build/CMakeFiles/CMakeTmp”


